* Starting client
* Connecting to master process on port 14688
* Analyzing classpath: 
  - /Users/chenzejun/Desktop/backend/target/classes
  - /Library/Java/JavaVirtualMachines/jdk1.8.0_171.jdk/Contents/Home/jre/lib/charsets.jar
  - /Library/Java/JavaVirtualMachines/jdk1.8.0_171.jdk/Contents/Home/jre/lib/deploy.jar
  - /Library/Java/JavaVirtualMachines/jdk1.8.0_171.jdk/Contents/Home/jre/lib/ext/cldrdata.jar
  - /Library/Java/JavaVirtualMachines/jdk1.8.0_171.jdk/Contents/Home/jre/lib/ext/dnsns.jar
  - /Library/Java/JavaVirtualMachines/jdk1.8.0_171.jdk/Contents/Home/jre/lib/ext/jaccess.jar
  - /Library/Java/JavaVirtualMachines/jdk1.8.0_171.jdk/Contents/Home/jre/lib/ext/jfxrt.jar
  - /Library/Java/JavaVirtualMachines/jdk1.8.0_171.jdk/Contents/Home/jre/lib/ext/localedata.jar
  - /Library/Java/JavaVirtualMachines/jdk1.8.0_171.jdk/Contents/Home/jre/lib/ext/nashorn.jar
  - /Library/Java/JavaVirtualMachines/jdk1.8.0_171.jdk/Contents/Home/jre/lib/ext/sunec.jar
  - /Library/Java/JavaVirtualMachines/jdk1.8.0_171.jdk/Contents/Home/jre/lib/ext/sunjce_provider.jar
  - /Library/Java/JavaVirtualMachines/jdk1.8.0_171.jdk/Contents/Home/jre/lib/ext/sunpkcs11.jar
  - /Library/Java/JavaVirtualMachines/jdk1.8.0_171.jdk/Contents/Home/jre/lib/ext/zipfs.jar
  - /Library/Java/JavaVirtualMachines/jdk1.8.0_171.jdk/Contents/Home/jre/lib/javaws.jar
  - /Library/Java/JavaVirtualMachines/jdk1.8.0_171.jdk/Contents/Home/jre/lib/jce.jar
  - /Library/Java/JavaVirtualMachines/jdk1.8.0_171.jdk/Contents/Home/jre/lib/jfr.jar
  - /Library/Java/JavaVirtualMachines/jdk1.8.0_171.jdk/Contents/Home/jre/lib/jfxswt.jar
  - /Library/Java/JavaVirtualMachines/jdk1.8.0_171.jdk/Contents/Home/jre/lib/jsse.jar
  - /Library/Java/JavaVirtualMachines/jdk1.8.0_171.jdk/Contents/Home/jre/lib/management-agent.jar
  - /Library/Java/JavaVirtualMachines/jdk1.8.0_171.jdk/Contents/Home/jre/lib/plugin.jar
  - /Library/Java/JavaVirtualMachines/jdk1.8.0_171.jdk/Contents/Home/jre/lib/resources.jar
  - /Library/Java/JavaVirtualMachines/jdk1.8.0_171.jdk/Contents/Home/jre/lib/rt.jar
  - /Library/Java/JavaVirtualMachines/jdk1.8.0_171.jdk/Contents/Home/lib/ant-javafx.jar
  - /Library/Java/JavaVirtualMachines/jdk1.8.0_171.jdk/Contents/Home/lib/dt.jar
  - /Library/Java/JavaVirtualMachines/jdk1.8.0_171.jdk/Contents/Home/lib/javafx-mx.jar
  - /Library/Java/JavaVirtualMachines/jdk1.8.0_171.jdk/Contents/Home/lib/jconsole.jar
  - /Library/Java/JavaVirtualMachines/jdk1.8.0_171.jdk/Contents/Home/lib/packager.jar
  - /Library/Java/JavaVirtualMachines/jdk1.8.0_171.jdk/Contents/Home/lib/sa-jdi.jar
  - /Library/Java/JavaVirtualMachines/jdk1.8.0_171.jdk/Contents/Home/lib/tools.jar
  - /Users/chenzejun/Desktop/backend/target/test-classes
  - /Users/chenzejun/Desktop/backend/target/classes
  - /Users/chenzejun/.m2/repository/org/springframework/boot/spring-boot-starter-data-jpa/2.1.5.RELEASE/spring-boot-starter-data-jpa-2.1.5.RELEASE.jar
  - /Users/chenzejun/.m2/repository/org/springframework/boot/spring-boot-starter-aop/2.1.5.RELEASE/spring-boot-starter-aop-2.1.5.RELEASE.jar
  - /Users/chenzejun/.m2/repository/org/springframework/spring-aop/5.1.7.RELEASE/spring-aop-5.1.7.RELEASE.jar
  - /Users/chenzejun/.m2/repository/org/aspectj/aspectjweaver/1.9.4/aspectjweaver-1.9.4.jar
  - /Users/chenzejun/.m2/repository/org/springframework/boot/spring-boot-starter-jdbc/2.1.5.RELEASE/spring-boot-starter-jdbc-2.1.5.RELEASE.jar
  - /Users/chenzejun/.m2/repository/com/zaxxer/HikariCP/3.2.0/HikariCP-3.2.0.jar
  - /Users/chenzejun/.m2/repository/org/springframework/spring-jdbc/5.1.7.RELEASE/spring-jdbc-5.1.7.RELEASE.jar
  - /Users/chenzejun/.m2/repository/javax/transaction/javax.transaction-api/1.3/javax.transaction-api-1.3.jar
  - /Users/chenzejun/.m2/repository/javax/xml/bind/jaxb-api/2.3.1/jaxb-api-2.3.1.jar
  - /Users/chenzejun/.m2/repository/javax/activation/javax.activation-api/1.2.0/javax.activation-api-1.2.0.jar
  - /Users/chenzejun/.m2/repository/org/hibernate/hibernate-core/5.3.10.Final/hibernate-core-5.3.10.Final.jar
  - /Users/chenzejun/.m2/repository/org/jboss/logging/jboss-logging/3.3.2.Final/jboss-logging-3.3.2.Final.jar
  - /Users/chenzejun/.m2/repository/javax/persistence/javax.persistence-api/2.2/javax.persistence-api-2.2.jar
  - /Users/chenzejun/.m2/repository/org/javassist/javassist/3.23.2-GA/javassist-3.23.2-GA.jar
  - /Users/chenzejun/.m2/repository/net/bytebuddy/byte-buddy/1.9.12/byte-buddy-1.9.12.jar
  - /Users/chenzejun/.m2/repository/antlr/antlr/2.7.7/antlr-2.7.7.jar
  - /Users/chenzejun/.m2/repository/org/jboss/jandex/2.0.5.Final/jandex-2.0.5.Final.jar
  - /Users/chenzejun/.m2/repository/com/fasterxml/classmate/1.4.0/classmate-1.4.0.jar
  - /Users/chenzejun/.m2/repository/org/dom4j/dom4j/2.1.1/dom4j-2.1.1.jar
  - /Users/chenzejun/.m2/repository/org/hibernate/common/hibernate-commons-annotations/5.0.4.Final/hibernate-commons-annotations-5.0.4.Final.jar
  - /Users/chenzejun/.m2/repository/org/springframework/data/spring-data-jpa/2.1.8.RELEASE/spring-data-jpa-2.1.8.RELEASE.jar
  - /Users/chenzejun/.m2/repository/org/springframework/data/spring-data-commons/2.1.8.RELEASE/spring-data-commons-2.1.8.RELEASE.jar
  - /Users/chenzejun/.m2/repository/org/springframework/spring-orm/5.1.7.RELEASE/spring-orm-5.1.7.RELEASE.jar
  - /Users/chenzejun/.m2/repository/org/springframework/spring-context/5.1.7.RELEASE/spring-context-5.1.7.RELEASE.jar
  - /Users/chenzejun/.m2/repository/org/springframework/spring-tx/5.1.7.RELEASE/spring-tx-5.1.7.RELEASE.jar
  - /Users/chenzejun/.m2/repository/org/springframework/spring-beans/5.1.7.RELEASE/spring-beans-5.1.7.RELEASE.jar
  - /Users/chenzejun/.m2/repository/org/slf4j/slf4j-api/1.7.26/slf4j-api-1.7.26.jar
  - /Users/chenzejun/.m2/repository/org/springframework/spring-aspects/5.1.7.RELEASE/spring-aspects-5.1.7.RELEASE.jar
  - /Users/chenzejun/.m2/repository/org/springframework/boot/spring-boot-starter-web/2.1.5.RELEASE/spring-boot-starter-web-2.1.5.RELEASE.jar
  - /Users/chenzejun/.m2/repository/org/springframework/boot/spring-boot-starter/2.1.5.RELEASE/spring-boot-starter-2.1.5.RELEASE.jar
  - /Users/chenzejun/.m2/repository/org/springframework/boot/spring-boot/2.1.5.RELEASE/spring-boot-2.1.5.RELEASE.jar
  - /Users/chenzejun/.m2/repository/org/springframework/boot/spring-boot-autoconfigure/2.1.5.RELEASE/spring-boot-autoconfigure-2.1.5.RELEASE.jar
  - /Users/chenzejun/.m2/repository/org/springframework/boot/spring-boot-starter-logging/2.1.5.RELEASE/spring-boot-starter-logging-2.1.5.RELEASE.jar
  - /Users/chenzejun/.m2/repository/ch/qos/logback/logback-classic/1.2.3/logback-classic-1.2.3.jar
  - /Users/chenzejun/.m2/repository/ch/qos/logback/logback-core/1.2.3/logback-core-1.2.3.jar
  - /Users/chenzejun/.m2/repository/org/apache/logging/log4j/log4j-to-slf4j/2.11.2/log4j-to-slf4j-2.11.2.jar
  - /Users/chenzejun/.m2/repository/org/apache/logging/log4j/log4j-api/2.11.2/log4j-api-2.11.2.jar
  - /Users/chenzejun/.m2/repository/org/slf4j/jul-to-slf4j/1.7.26/jul-to-slf4j-1.7.26.jar
  - /Users/chenzejun/.m2/repository/javax/annotation/javax.annotation-api/1.3.2/javax.annotation-api-1.3.2.jar
  - /Users/chenzejun/.m2/repository/org/yaml/snakeyaml/1.23/snakeyaml-1.23.jar
  - /Users/chenzejun/.m2/repository/org/springframework/boot/spring-boot-starter-json/2.1.5.RELEASE/spring-boot-starter-json-2.1.5.RELEASE.jar
  - /Users/chenzejun/.m2/repository/com/fasterxml/jackson/core/jackson-databind/2.9.8/jackson-databind-2.9.8.jar
  - /Users/chenzejun/.m2/repository/com/fasterxml/jackson/core/jackson-annotations/2.9.0/jackson-annotations-2.9.0.jar
  - /Users/chenzejun/.m2/repository/com/fasterxml/jackson/core/jackson-core/2.9.8/jackson-core-2.9.8.jar
  - /Users/chenzejun/.m2/repository/com/fasterxml/jackson/datatype/jackson-datatype-jdk8/2.9.8/jackson-datatype-jdk8-2.9.8.jar
  - /Users/chenzejun/.m2/repository/com/fasterxml/jackson/datatype/jackson-datatype-jsr310/2.9.8/jackson-datatype-jsr310-2.9.8.jar
  - /Users/chenzejun/.m2/repository/com/fasterxml/jackson/module/jackson-module-parameter-names/2.9.8/jackson-module-parameter-names-2.9.8.jar
  - /Users/chenzejun/.m2/repository/org/springframework/boot/spring-boot-starter-tomcat/2.1.5.RELEASE/spring-boot-starter-tomcat-2.1.5.RELEASE.jar
  - /Users/chenzejun/.m2/repository/org/apache/tomcat/embed/tomcat-embed-core/9.0.19/tomcat-embed-core-9.0.19.jar
  - /Users/chenzejun/.m2/repository/org/apache/tomcat/embed/tomcat-embed-el/9.0.19/tomcat-embed-el-9.0.19.jar
  - /Users/chenzejun/.m2/repository/org/apache/tomcat/embed/tomcat-embed-websocket/9.0.19/tomcat-embed-websocket-9.0.19.jar
  - /Users/chenzejun/.m2/repository/org/hibernate/validator/hibernate-validator/6.0.16.Final/hibernate-validator-6.0.16.Final.jar
  - /Users/chenzejun/.m2/repository/javax/validation/validation-api/2.0.1.Final/validation-api-2.0.1.Final.jar
  - /Users/chenzejun/.m2/repository/org/springframework/spring-web/5.1.7.RELEASE/spring-web-5.1.7.RELEASE.jar
  - /Users/chenzejun/.m2/repository/org/springframework/spring-webmvc/5.1.7.RELEASE/spring-webmvc-5.1.7.RELEASE.jar
  - /Users/chenzejun/.m2/repository/org/springframework/spring-expression/5.1.7.RELEASE/spring-expression-5.1.7.RELEASE.jar
  - /Users/chenzejun/.m2/repository/mysql/mysql-connector-java/8.0.16/mysql-connector-java-8.0.16.jar
  - /Users/chenzejun/.m2/repository/org/springframework/boot/spring-boot-starter-test/2.1.5.RELEASE/spring-boot-starter-test-2.1.5.RELEASE.jar
  - /Users/chenzejun/.m2/repository/org/springframework/boot/spring-boot-test/2.1.5.RELEASE/spring-boot-test-2.1.5.RELEASE.jar
  - /Users/chenzejun/.m2/repository/org/springframework/boot/spring-boot-test-autoconfigure/2.1.5.RELEASE/spring-boot-test-autoconfigure-2.1.5.RELEASE.jar
  - /Users/chenzejun/.m2/repository/com/jayway/jsonpath/json-path/2.4.0/json-path-2.4.0.jar
  - /Users/chenzejun/.m2/repository/net/minidev/json-smart/2.3/json-smart-2.3.jar
  - /Users/chenzejun/.m2/repository/net/minidev/accessors-smart/1.2/accessors-smart-1.2.jar
  - /Users/chenzejun/.m2/repository/org/ow2/asm/asm/5.0.4/asm-5.0.4.jar
  - /Users/chenzejun/.m2/repository/junit/junit/4.12/junit-4.12.jar
  - /Users/chenzejun/.m2/repository/org/assertj/assertj-core/3.11.1/assertj-core-3.11.1.jar
  - /Users/chenzejun/.m2/repository/org/mockito/mockito-core/2.23.4/mockito-core-2.23.4.jar
  - /Users/chenzejun/.m2/repository/net/bytebuddy/byte-buddy-agent/1.9.12/byte-buddy-agent-1.9.12.jar
  - /Users/chenzejun/.m2/repository/org/objenesis/objenesis/2.6/objenesis-2.6.jar
  - /Users/chenzejun/.m2/repository/org/hamcrest/hamcrest-core/1.3/hamcrest-core-1.3.jar
  - /Users/chenzejun/.m2/repository/org/hamcrest/hamcrest-library/1.3/hamcrest-library-1.3.jar
  - /Users/chenzejun/.m2/repository/org/skyscreamer/jsonassert/1.5.0/jsonassert-1.5.0.jar
  - /Users/chenzejun/.m2/repository/com/vaadin/external/google/android-json/0.0.20131108.vaadin1/android-json-0.0.20131108.vaadin1.jar
  - /Users/chenzejun/.m2/repository/org/springframework/spring-core/5.1.7.RELEASE/spring-core-5.1.7.RELEASE.jar
  - /Users/chenzejun/.m2/repository/org/springframework/spring-jcl/5.1.7.RELEASE/spring-jcl-5.1.7.RELEASE.jar
  - /Users/chenzejun/.m2/repository/org/springframework/spring-test/5.1.7.RELEASE/spring-test-5.1.7.RELEASE.jar
  - /Users/chenzejun/.m2/repository/org/xmlunit/xmlunit-core/2.6.2/xmlunit-core-2.6.2.jar
* Finished analyzing classpath
* Generating tests for class com.cutevivo.backend.ServiceImpl.UserServiceImpl
* Test criteria:
  - Line Coverage
  - Branch Coverage
  - Exception
  - Mutation testing (weak)
  - Method-Output Coverage
  - Top-Level Method Coverage
  - No-Exception Top-Level Method Coverage
  - Context Branch Coverage
* Setting up search algorithm for whole suite generation
[MASTER] 18:57:14.787 [pool-2-thread-1] WARN  TestSuiteSerialization - Cannot load tests because file does not exist: /Users/chenzejun/Desktop/backend/.evosuite/evosuite-seeds/com.cutevivo.backend.ServiceImpl.UserServiceImpl.seed
* Loaded 0 tests from /Users/chenzejun/Desktop/backend/.evosuite/evosuite-seeds/com.cutevivo.backend.ServiceImpl.UserServiceImpl.seed
* Total number of test goals: 
  - Line 13
  - Branch 8
  - Exception 0
  - MutationFactory 11
  - Output 11
  - Method 5
  - MethodNoException 5
  - CBranchFitnessFactory 8
* Using seed 1558868222217
* Starting evolution
[MASTER] 18:57:15.041 [pool-2-thread-1] WARN  TimeController - Phase INITIALIZATION lasted too long, 7 seconds more than allowed.
[MASTER] 18:57:22.653 [pool-2-thread-1] WARN  TestChromosome - Functional mock problem: org.evosuite.ga.ConstructionFailedException: No generators of type class java.lang.Object
* Search finished after 32s and 67 generations, 51354 statements, best individual has fitness: 37.083333333333336
* Writing sequences to pool
* Minimizing test suite
* Going to analyze the coverage criteria
* Coverage analysis for criterion LINE
* Coverage of criterion LINE: 62%
* Total number of goals: 13
* Number of covered goals: 8
* Coverage analysis for criterion BRANCH
* Coverage of criterion BRANCH: 50%
* Total number of goals: 8
* Number of covered goals: 4
* Coverage analysis for criterion EXCEPTION
* Coverage of criterion EXCEPTION: 100%
* Total number of goals: 3
* Number of covered goals: 3
* Coverage analysis for criterion WEAKMUTATION
* Coverage of criterion WEAKMUTATION: 27%
* Total number of goals: 11
* Number of covered goals: 3
* Coverage analysis for criterion OUTPUT
* Coverage of criterion OUTPUT: 27%
* Total number of goals: 11
* Number of covered goals: 3
* Coverage analysis for criterion METHOD
* Coverage of criterion METHOD: 100%
* Total number of goals: 5
* Number of covered goals: 5
* Coverage analysis for criterion METHODNOEXCEPTION
* Coverage of criterion METHODNOEXCEPTION: 80%
* Total number of goals: 5
* Number of covered goals: 4
* Coverage analysis for criterion CBRANCH
* Coverage of criterion CBRANCH: 50%
* Total number of goals: 8
* Number of covered goals: 4
* Generated 6 tests with total length 46
* Resulting test suite's coverage: 62% (average coverage for all fitness functions)
* Generating assertions
* Resulting test suite's mutation score: 0%
* Compiling and checking tests
* Writing JUnit test case 'UserServiceImpl_ESTest' to /Users/chenzejun/Desktop/backend/.evosuite/tmp_2019_05_26_18_56_56/tests
* Done!

